#-----------------------------------------------------------
# Vivado v2018.2 (64-bit)
# SW Build 2258646 on Thu Jun 14 20:03:12 MDT 2018
# IP Build 2256618 on Thu Jun 14 22:10:49 MDT 2018
# Start of session at: Thu Jun  1 11:09:13 2023
# Process ID: 9480
# Current directory: C:/Users/DELL/Desktop/Nano  Processor/2_Way_4_Bit
# Command line: vivado.exe -gui_launcher_event rodinguilauncherevent16808 C:\Users\DELL\Desktop\Nano  Processor\2_Way_4_Bit\2_Way_4_Bit.xpr
# Log file: C:/Users/DELL/Desktop/Nano  Processor/2_Way_4_Bit/vivado.log
# Journal file: C:/Users/DELL/Desktop/Nano  Processor/2_Way_4_Bit\vivado.jou
#-----------------------------------------------------------
start_gui
open_project {C:/Users/DELL/Desktop/Nano  Processor/2_Way_4_Bit/2_Way_4_Bit.xpr}
INFO: [Project 1-313] Project file moved from 'C:/Users/DELL/2_Way_4_Bit' since last save.
Scanning sources...
Finished scanning sources
INFO: [IP_Flow 19-234] Refreshing IP repositories
INFO: [IP_Flow 19-1704] No user IP repositories specified
INFO: [IP_Flow 19-2313] Loaded Vivado IP repository 'C:/Xilinx/Vivado/2018.2/data/ip'.
open_project: Time (s): cpu = 00:00:02 ; elapsed = 00:00:06 . Memory (MB): peak = 806.535 ; gain = 76.133
update_compile_order -fileset sources_1
exit
INFO: [Common 17-206] Exiting Vivado at Thu Jun  1 11:11:32 2023...
